

================================================================
== Vivado HLS Report for 'interval_normalizati'
================================================================
* Date:           Wed Mar 26 15:57:07 2025

* Version:        2019.1 (Build 2552052 on Fri May 24 15:28:33 MDT 2019)
* Project:        FIRIn2Features
* Solution:       solution1
* Product family: zynq
* Target device:  xc7z020-clg400-2


================================================================
== Performance Estimates
================================================================
+ Timing (ns): 
    * Summary: 
    +--------+-------+----------+------------+
    |  Clock | Target| Estimated| Uncertainty|
    +--------+-------+----------+------------+
    |ap_clk  |  10.00|     8.588|        1.25|
    +--------+-------+----------+------------+

+ Latency (clock cycles): 
    * Summary: 
    +-----+-----+-----+-----+---------+
    |  Latency  |  Interval | Pipeline|
    | min | max | min | max |   Type  |
    +-----+-----+-----+-----+---------+
    |    ?|    ?|    ?|    ?|   none  |
    +-----+-----+-----+-----+---------+

    + Detail: 
        * Instance: 
        N/A

        * Loop: 
        +-------------+------+------+----------+-----------+-----------+------+----------+
        |             |   Latency   | Iteration|  Initiation Interval  | Trip |          |
        |  Loop Name  |  min |  max |  Latency |  achieved |   target  | Count| Pipelined|
        +-------------+------+------+----------+-----------+-----------+------+----------+
        |- Loop 1     |     ?|     ?| 2 ~ 7206 |          -|          -|     ?|    no    |
        | + Loop 1.1  |  7200|  7200|        36|          -|          -|   200|    no    |
        +-------------+------+------+----------+-----------+-----------+------+----------+



================================================================
== Utilization Estimates
================================================================
* Summary: 
+-----------------+---------+-------+--------+-------+-----+
|       Name      | BRAM_18K| DSP48E|   FF   |  LUT  | URAM|
+-----------------+---------+-------+--------+-------+-----+
|DSP              |        -|      -|       -|      -|    -|
|Expression       |        -|      -|       0|    778|    -|
|FIFO             |        -|      -|       -|      -|    -|
|Instance         |        -|      7|    1313|   2653|    -|
|Memory           |        1|      -|       0|      0|    0|
|Multiplexer      |        -|      -|       -|     47|    -|
|Register         |        -|      -|     471|      -|    -|
+-----------------+---------+-------+--------+-------+-----+
|Total            |        1|      7|    1784|   3478|    0|
+-----------------+---------+-------+--------+-------+-----+
|Available        |      280|    220|  106400|  53200|    0|
+-----------------+---------+-------+--------+-------+-----+
|Utilization (%)  |    ~0   |      3|       1|      6|    0|
+-----------------+---------+-------+--------+-------+-----+

+ Detail: 
    * Instance: 
    +--------------------------+----------------------+---------+-------+-----+-----+-----+
    |         Instance         |        Module        | BRAM_18K| DSP48E|  FF | LUT | URAM|
    +--------------------------+----------------------+---------+-------+-----+-----+-----+
    |feature_extractoreOg_U7   |feature_extractoreOg  |        0|      2|  227|  404|    0|
    |feature_extractorfYi_U8   |feature_extractorfYi  |        0|      2|  227|  404|    0|
    |feature_extractorg8j_U9   |feature_extractorg8j  |        0|      3|  128|  320|    0|
    |feature_extractorhbi_U10  |feature_extractorhbi  |        0|      0|  563|  991|    0|
    |feature_extractoribs_U11  |feature_extractoribs  |        0|      0|  168|  534|    0|
    +--------------------------+----------------------+---------+-------+-----+-----+-----+
    |Total                     |                      |        0|      7| 1313| 2653|    0|
    +--------------------------+----------------------+---------+-------+-----+-----+-----+

    * DSP48E: 
    N/A

    * Memory: 
    +--------------+----------------------+---------+---+----+-----+------+-----+------+-------------+
    |    Memory    |        Module        | BRAM_18K| FF| LUT| URAM| Words| Bits| Banks| W*Bits*Banks|
    +--------------+----------------------+---------+---+----+-----+------+-----+------+-------------+
    |buf_buffer_U  |interval_normalizdEe  |        1|  0|   0|    0|   512|   32|     1|        16384|
    +--------------+----------------------+---------+---+----+-----+------+-----+------+-------------+
    |Total         |                      |        1|  0|   0|    0|   512|   32|     1|        16384|
    +--------------+----------------------+---------+---+----+-----+------+-----+------+-------------+

    * FIFO: 
    N/A

    * Expression: 
    +-------------------------+----------+-------+---+-----+------------+------------+
    |      Variable Name      | Operation| DSP48E| FF| LUT | Bitwidth P0| Bitwidth P1|
    +-------------------------+----------+-------+---+-----+------------+------------+
    |add_ln339_fu_350_p2      |     +    |      0|  0|    9|           8|           9|
    |i_fu_297_p2              |     +    |      0|  0|    8|           8|           1|
    |idx_0_fu_450_p2          |     +    |      0|  0|   32|          32|          32|
    |idx_1_fu_454_p2          |     +    |      0|  0|   32|           1|          32|
    |interval_len_fu_259_p2   |     +    |      0|  0|   12|          12|          12|
    |result_V_1_fu_436_p2     |     -    |      0|  0|   32|           1|          32|
    |ret_V_4_fu_462_p2        |     -    |      0|  0|   33|          10|          33|
    |ret_V_6_fu_488_p2        |     -    |      0|  0|   33|          10|          33|
    |ret_V_fu_235_p2          |     -    |      0|  0|   11|          11|          11|
    |sub_ln1311_fu_364_p2     |     -    |      0|  0|    8|           7|           8|
    |sub_ln1372_2_fu_523_p2   |     -    |      0|  0|   32|           1|          32|
    |sub_ln1372_3_fu_548_p2   |     -    |      0|  0|    9|           1|           9|
    |sub_ln1372_4_fu_561_p2   |     -    |      0|  0|   32|           1|          32|
    |sub_ln1372_fu_510_p2     |     -    |      0|  0|    9|           1|           9|
    |sub_ln75_fu_249_p2       |     -    |      0|  0|   11|          10|          11|
    |ap_block_state2          |    and   |      0|  0|    1|           1|           1|
    |tmp_nbreadreq_fu_120_p3  |    and   |      0|  0|    1|           1|           0|
    |icmp_ln79_fu_273_p2      |   icmp   |      0|  0|    5|          12|           8|
    |icmp_ln85_fu_291_p2      |   icmp   |      0|  0|    4|           8|           7|
    |icmp_ln895_fu_221_p2     |   icmp   |      0|  0|    5|          10|          10|
    |r_V_fu_394_p2            |   lshr   |      0|  0|   66|          25|          25|
    |ap_block_state1          |    or    |      0|  0|    1|           1|           1|
    |p_Val2_5_fu_428_p3       |  select  |      0|  0|   32|           1|          32|
    |p_Val2_6_fu_442_p3       |  select  |      0|  0|   32|           1|          32|
    |ret_V_5_fu_536_p3        |  select  |      0|  0|   32|           1|          32|
    |ret_V_7_fu_574_p3        |  select  |      0|  0|   32|           1|          32|
    |select_ln895_fu_265_p3   |  select  |      0|  0|   12|           1|          12|
    |ush_fu_374_p3            |  select  |      0|  0|    9|           1|           9|
    |r_V_1_fu_400_p2          |    shl   |      0|  0|  243|          79|          79|
    +-------------------------+----------+-------+---+-----+------------+------------+
    |Total                    |          |      0|  0|  778|         257|         576|
    +-------------------------+----------+-------+---+-----+------------+------------+

    * Multiplexer: 
    +------------------------+----+-----------+-----+-----------+
    |          Name          | LUT| Input Size| Bits| Total Bits|
    +------------------------+----+-----------+-----+-----------+
    |ap_NS_fsm               |  11|         43|    1|         43|
    |ap_done                 |   3|          2|    1|          2|
    |grp_fu_175_opcode       |   3|          3|    2|          6|
    |grp_fu_175_p0           |   3|          3|   32|         96|
    |grp_fu_175_p1           |   3|          3|   32|         96|
    |grp_fu_183_p0           |   3|          3|   32|         96|
    |grp_fu_183_p1           |   3|          3|   32|         96|
    |grp_fu_192_p0           |   3|          4|   32|        128|
    |i_0_reg_164             |   3|          2|    8|         16|
    |normalized_out_V_blk_n  |   3|          2|    1|          2|
    |peaks_V_V_blk_n         |   3|          2|    1|          2|
    |real_start              |   3|          2|    1|          2|
    |tmp_V_fu_112            |   3|          2|   10|         20|
    +------------------------+----+-----------+-----+-----------+
    |Total                   |  47|         74|  185|        605|
    +------------------------+----+-----------+-----+-----------+

    * Register: 
    +------------------------+----+----+-----+-----------+
    |          Name          | FF | LUT| Bits| Const Bits|
    +------------------------+----+----+-----+-----------+
    |ap_CS_fsm               |  42|   0|   42|          0|
    |ap_done_reg             |   1|   0|    1|          0|
    |i_0_reg_164             |   8|   0|    8|          0|
    |i_reg_638               |   8|   0|    8|          0|
    |icmp_ln79_reg_611       |   1|   0|    1|          0|
    |idx_0_reg_655           |  32|   0|   32|          0|
    |p_Val2_6_reg_649        |  32|   0|   32|          0|
    |pos_reg_643             |  32|   0|   32|          0|
    |reg_195                 |  32|   0|   32|          0|
    |reg_201                 |  32|   0|   32|          0|
    |reg_207                 |  32|   0|   32|          0|
    |select_ln895_reg_606    |  12|   0|   12|          0|
    |start_once_reg          |   1|   0|    1|          0|
    |tmp_14_reg_661          |   1|   0|    1|          0|
    |tmp_16_reg_676          |   1|   0|    1|          0|
    |tmp_4_reg_712           |  32|   0|   32|          0|
    |tmp_8_reg_620           |  32|   0|   32|          0|
    |tmp_V_6_reg_601         |  10|   0|   10|          0|
    |tmp_V_fu_112            |  10|   0|   10|          0|
    |tmp_V_load_reg_596      |  10|   0|   10|          0|
    |trunc_ln1372_2_reg_671  |   9|   0|    9|          0|
    |trunc_ln1372_3_reg_681  |   9|   0|    9|          0|
    |trunc_ln1372_4_reg_686  |   9|   0|    9|          0|
    |trunc_ln1372_reg_666    |   9|   0|    9|          0|
    |v0_reg_701              |  32|   0|   32|          0|
    |v1_reg_707              |  32|   0|   32|          0|
    |zext_ln87_reg_625       |  10|   0|   32|         22|
    +------------------------+----+----+-----+-----------+
    |Total                   | 471|   0|  493|         22|
    +------------------------+----+----+-----+-----------+



================================================================
== Interface
================================================================
* Summary: 
+-------------------------+-----+-----+------------+----------------------+--------------+
|        RTL Ports        | Dir | Bits|  Protocol  |     Source Object    |    C Type    |
+-------------------------+-----+-----+------------+----------------------+--------------+
|ap_clk                   |  in |    1| ap_ctrl_hs | interval_normalizati | return value |
|ap_rst                   |  in |    1| ap_ctrl_hs | interval_normalizati | return value |
|ap_start                 |  in |    1| ap_ctrl_hs | interval_normalizati | return value |
|start_full_n             |  in |    1| ap_ctrl_hs | interval_normalizati | return value |
|ap_done                  | out |    1| ap_ctrl_hs | interval_normalizati | return value |
|ap_continue              |  in |    1| ap_ctrl_hs | interval_normalizati | return value |
|ap_idle                  | out |    1| ap_ctrl_hs | interval_normalizati | return value |
|ap_ready                 | out |    1| ap_ctrl_hs | interval_normalizati | return value |
|start_out                | out |    1| ap_ctrl_hs | interval_normalizati | return value |
|start_write              | out |    1| ap_ctrl_hs | interval_normalizati | return value |
|peaks_V_V_dout           |  in |   10|   ap_fifo  |       peaks_V_V      |    pointer   |
|peaks_V_V_empty_n        |  in |    1|   ap_fifo  |       peaks_V_V      |    pointer   |
|peaks_V_V_read           | out |    1|   ap_fifo  |       peaks_V_V      |    pointer   |
|normalized_out_V_din     | out |   32|   ap_fifo  |   normalized_out_V   |    pointer   |
|normalized_out_V_full_n  |  in |    1|   ap_fifo  |   normalized_out_V   |    pointer   |
|normalized_out_V_write   | out |    1|   ap_fifo  |   normalized_out_V   |    pointer   |
+-------------------------+-----+-----+------------+----------------------+--------------+

